<?xml version="1.0" encoding="UTF-8"?>
<robot generator="Robot 3.0.4 (Python 3.6.5 on win32)" generated="20180511 14:57:30.011">
<suite id="s1" name="just first" source="C:\development\robot-scripts\first-script\Tests\Multiple.robot">
<test id="s1-t1" name="Test case 1">
<kw name="Log" library="BuiltIn">
<doc>Logs the given message with the given level.</doc>
<arguments>
<arg>i am test case 1</arg>
</arguments>
<msg timestamp="20180511 14:57:30.246" level="INFO">i am test case 1</msg>
<status status="PASS" starttime="20180511 14:57:30.246" endtime="20180511 14:57:30.246"></status>
</kw>
<tags>
<tag>CurrentTestCase</tag>
</tags>
<status status="PASS" starttime="20180511 14:57:30.245" endtime="20180511 14:57:30.247" critical="yes"></status>
</test>
<status status="PASS" starttime="20180511 14:57:30.016" endtime="20180511 14:57:30.248"></status>
</suite>
<statistics>
<total>
<stat pass="1" fail="0">Critical Tests</stat>
<stat pass="1" fail="0">All Tests</stat>
</total>
<tag>
<stat pass="1" fail="0">CurrentTestCase</stat>
</tag>
<suite>
<stat pass="1" fail="0" id="s1" name="just first">just first</stat>
</suite>
</statistics>
<errors>
</errors>
</robot>
